SF:lib/main.dart
DA:8,0
DA:9,0
DA:10,0
DA:11,0
DA:15,2
DA:18,1
DA:20,0
DA:22,1
DA:23,0
LF:9
LH:3
end_of_record
SF:lib/models/user.dart
DA:5,0
LF:1
LH:0
end_of_record
SF:lib/services/auth.dart
DA:10,0
DA:11,0
DA:15,0
DA:16,0
DA:17,0
DA:22,0
DA:23,0
DA:27,0
DA:29,0
DA:30,0
DA:31,0
DA:39,0
DA:41,0
DA:42,0
DA:43,0
DA:44,0
DA:52,0
DA:54,0
LF:18
LH:0
end_of_record
SF:lib/screens/welcome/welcomepage.dart
DA:6,1
DA:8,0
DA:9,0
DA:13,0
DA:15,0
DA:16,0
DA:17,0
DA:19,0
DA:21,0
DA:22,0
DA:24,0
DA:25,0
DA:26,0
DA:27,0
DA:31,0
DA:32,0
DA:37,0
DA:51,0
DA:54,0
DA:55,0
DA:56,0
DA:60,0
DA:61,0
DA:66,0
LF:24
LH:1
end_of_record
SF:lib/screens/auth/auth.dart
DA:6,1
DA:8,0
DA:9,0
DA:15,0
DA:16,0
DA:19,0
DA:21,0
DA:22,0
DA:24,0
LF:9
LH:1
end_of_record
SF:lib/screens/auth/register.dart
DA:7,0
DA:8,0
DA:9,0
DA:18,0
DA:20,0
DA:21,0
DA:22,0
DA:26,0
DA:27,0
DA:30,0
DA:31,0
DA:36,0
DA:38,0
DA:39,0
DA:40,0
DA:41,0
DA:43,0
DA:44,0
DA:45,0
DA:46,0
DA:47,0
DA:51,0
DA:53,0
DA:55,0
DA:58,0
DA:59,0
DA:63,0
DA:68,0
DA:69,0
DA:70,0
DA:71,0
DA:73,0
DA:78,0
DA:79,0
LF:34
LH:0
end_of_record
SF:lib/screens/auth/signin.dart
DA:8,0
DA:9,0
DA:10,0
DA:19,0
DA:21,0
DA:22,0
DA:23,0
DA:27,0
DA:28,0
DA:31,0
DA:32,0
DA:37,0
DA:39,0
DA:40,0
DA:41,0
DA:42,0
DA:44,0
DA:45,0
DA:46,0
DA:47,0
DA:48,0
DA:52,0
DA:54,0
DA:56,0
DA:59,0
DA:60,0
DA:64,0
DA:69,0
DA:70,0
DA:71,0
DA:72,0
DA:74,0
DA:75,0
DA:80,0
DA:81,0
LF:35
LH:0
end_of_record
SF:lib/screens/home/home.dart
DA:13,0
DA:14,0
DA:16,0
DA:18,0
DA:19,0
DA:20,0
DA:21,0
DA:26,0
DA:27,0
DA:30,0
DA:31,0
DA:36,0
DA:37,0
DA:38,0
DA:42,0
DA:51,0
DA:52,0
DA:57,0
DA:61,0
DA:70,0
DA:71,0
DA:76,0
DA:80,0
DA:89,0
DA:90,0
DA:95,0
LF:26
LH:0
end_of_record
SF:lib/screens/home/postbookpage.dart
DA:8,1
DA:9,0
DA:10,0
DA:19,0
DA:21,0
DA:22,0
DA:23,0
DA:27,0
DA:28,0
DA:29,0
DA:30,0
DA:32,0
DA:34,0
DA:35,0
DA:37,0
DA:39,0
DA:40,0
DA:41,0
DA:45,0
DA:46,0
DA:47,0
DA:48,0
DA:49,0
DA:50,0
DA:51,0
DA:52,0
DA:53,0
DA:54,0
DA:57,0
DA:58,0
DA:61,0
DA:62,0
DA:67,0
DA:85,0
DA:89,0
DA:90,0
DA:95,0
DA:96,0
DA:97,0
DA:99,0
DA:104,0
DA:107,0
DA:108,0
DA:110,0
DA:117,0
LF:45
LH:1
end_of_record
SF:lib/screens/home/profilepage.dart
DA:4,1
DA:5,0
DA:6,0
DA:10,0
DA:12,0
DA:13,0
DA:14,0
DA:16,0
LF:8
LH:1
end_of_record
SF:lib/screens/home/searchbooks.dart
DA:6,1
DA:8,0
DA:9,0
DA:16,0
DA:17,0
DA:18,0
DA:19,0
DA:20,0
DA:21,0
DA:23,0
DA:24,0
DA:28,0
DA:30,0
DA:31,0
DA:32,0
DA:33,0
DA:38,0
DA:39,0
DA:40,0
DA:41,0
DA:44,0
DA:46,0
DA:50,0
DA:55,0
DA:56,0
DA:62,0
DA:63,0
DA:64,0
DA:65,0
DA:66,0
DA:67,0
DA:68,0
DA:69,0
DA:70,0
DA:71,0
LF:35
LH:1
end_of_record
SF:lib/services/database.dart
DA:6,0
DA:14,0
DA:15,0
DA:19,0
DA:25,0
DA:27,0
DA:31,0
DA:32,0
DA:36,0
DA:37,0
LF:10
LH:0
end_of_record
SF:lib/screens/home/searchbookdefault.dart
DA:5,1
DA:7,0
DA:8,0
DA:15,0
DA:17,0
DA:18,0
DA:19,0
DA:20,0
DA:21,0
DA:22,0
DA:27,0
DA:28,0
DA:29,0
DA:30,0
DA:31,0
DA:34,0
LF:16
LH:1
end_of_record
SF:lib/screens/welcome/general_listing.dart
DA:5,1
DA:8,0
DA:9,0
DA:16,0
DA:18,0
DA:19,0
DA:20,0
DA:21,0
DA:24,0
DA:25,0
DA:26,0
DA:27,0
DA:32,0
DA:33,0
DA:34,0
DA:35,0
DA:36,0
DA:37,0
DA:42,0
LF:19
LH:1
end_of_record
SF:lib/screens/wrapper.dart
DA:8,1
DA:10,0
DA:13,0
DA:20,0
LF:4
LH:1
end_of_record
SF:lib/textbook.dart
DA:8,0
LF:1
LH:0
end_of_record
